<?xml version="1.0" encoding="UTF-8"?>
<testng-results skipped="0" failed="0" ignored="0" total="1" passed="1">
  <reporter-output>
  </reporter-output>
  <suite name="Default suite" duration-ms="34091" started-at="2019-12-26T17:28:55Z" finished-at="2019-12-26T17:29:29Z">
    <groups>
    </groups>
    <test name="Default test" duration-ms="34091" started-at="2019-12-26T17:28:55Z" finished-at="2019-12-26T17:29:29Z">
      <class name="pomtest.TESTActitimeCustomer">
        <test-method status="PASS" signature="customer()[pri:0, instance:pomtest.TESTActitimeCustomer@6acdbdf5]" name="customer" duration-ms="34065" started-at="2019-12-26T17:28:55Z" finished-at="2019-12-26T17:29:29Z">
          <reporter-output>
          </reporter-output>
        </test-method> <!-- customer -->
      </class> <!-- pomtest.TESTActitimeCustomer -->
    </test> <!-- Default test -->
  </suite> <!-- Default suite -->
</testng-results>
